#
# A fatal error has been detected by the Java Runtime Environment:
#
#  EXCEPTION_ACCESS_VIOLATION (0xc0000005) at pc=0x000000001af28b18, pid=10108, tid=0x0000000000001d04
#
# JRE version: Java(TM) SE Runtime Environment (8.0_112-b15) (build 1.8.0_112-b15)
# Java VM: Java HotSpot(TM) 64-Bit Server VM (25.112-b15 mixed mode windows-amd64 compressed oops)
# Problematic frame:
# C  0x000000001af28b18
#
# Failed to write core dump. Minidumps are not enabled by default on client versions of Windows
#
# If you would like to submit a bug report, please visit:
#   http://bugreport.java.com/bugreport/crash.jsp
#

---------------  T H R E A D  ---------------

Current thread (0x0000000002498000):  GCTaskThread [stack: 0x0000000011f50000,0x0000000012050000] [id=7428]

siginfo: ExceptionCode=0xc0000005, ExceptionInformation=0x0000000000000008 0x000000001af28b18

Registers:
RAX=0x000000001af28ac0, RBX=0x000000010029ad28, RCX=0x000000010029ad28, RDX=0x000000001204f900
RSP=0x000000001204f8a8, RBP=0x0000000015bc65b0, RSI=0x000000001204f900, RDI=0x000000001204f918
R8 =0x000000010029ad28, R9 =0x0000000000001ba7, R10=0x0000000000004e36, R11=0x00000000a0372490
R12=0x00000000024988d0, R13=0x0000000002498ca8, R14=0x00000000000003d8, R15=0x0000000000000000
RIP=0x000000001af28b18, EFLAGS=0x0000000000010206

Top of Stack: (sp=0x000000001204f8a8)
0x000000001204f8a8:   000000005c74270e 000000010029a7f8
0x000000001204f8b8:   000000001204f900 000000001204f918
0x000000001204f8c8:   0000000015bc65b0 00000000025667b0
0x000000001204f8d8:   000000005cadcc99 00000000a01aec08
0x000000001204f8e8:   00000000025667b0 00000000a0495b80
0x000000001204f8f8:   00000000a01aec5c 000000005cd323d0
0x000000001204f908:   0000000002566700 00000000025667b0
0x000000001204f918:   000000005cd323f8 0000000002498c00
0x000000001204f928:   000000001204f900 00000000a01aec08
0x000000001204f938:   000000005c7e2b3d 00000000161bf638
0x000000001204f948:   0000000015bc65b0 00000000025667b0
0x000000001204f958:   00000000024988d0 000000000248f9f0
0x000000001204f968:   000000005cad7aa0 00000000000042b7
0x000000001204f978:   0000000015bc65b0 00000000025667b0
0x000000001204f988:   00000000024988d0 0000000000000000
0x000000001204f998:   0000000000000c00 0000000000000000 

Instructions: (pc=0x000000001af28b18)
0x000000001af28af8:   20 4b 56 02 00 00 00 00 b0 6e 5c 02 00 00 00 00
0x000000001af28b08:   00 00 00 00 00 00 00 00 00 32 59 02 00 00 00 00
0x000000001af28b18:   00 00 00 00 00 00 00 80 28 71 f2 1a 00 00 00 00
0x000000001af28b28:   78 8c f2 1a 00 00 00 00 21 00 00 00 05 00 0c 00 


Register to memory mapping:

RAX={method} {0x000000001af28ac8} 'getDescriptor' '()Ljava/lang/String;' in 'groovy/lang/MetaMethod'
RBX=0x000000010029ad28 is pointing into metadata
RCX=0x000000010029ad28 is pointing into metadata
RDX=0x000000001204f900 is an unknown value
RSP=0x000000001204f8a8 is an unknown value
RBP=0x0000000015bc65b0 is an unknown value
RSI=0x000000001204f900 is an unknown value
RDI=0x000000001204f918 is an unknown value
R8 =0x000000010029ad28 is pointing into metadata
R9 =0x0000000000001ba7 is an unknown value
R10=0x0000000000004e36 is an unknown value
R11=0x00000000a0372490 is an oop
java.lang.Class 
 - klass: 'java/lang/Class'
R12=0x00000000024988d0 is an unknown value
R13=0x0000000002498ca8 is an unknown value
R14=0x00000000000003d8 is an unknown value
R15=0x0000000000000000 is an unknown value


Stack: [0x0000000011f50000,0x0000000012050000],  sp=0x000000001204f8a8,  free space=1022k
Native frames: (J=compiled Java code, j=interpreted, Vv=VM code, C=native code)
C  0x000000001af28b18


---------------  P R O C E S S  ---------------

Java Threads: ( => current thread )
  0x0000000019f97000 JavaThread "pool-21-thread-4" [_thread_blocked, id=3964, stack(0x0000000023060000,0x0000000023160000)]
  0x0000000019f98800 JavaThread "pool-21-thread-3" [_thread_blocked, id=8468, stack(0x0000000022f60000,0x0000000023060000)]
  0x0000000019f93000 JavaThread "pool-21-thread-2" [_thread_blocked, id=10904, stack(0x0000000022e60000,0x0000000022f60000)]
  0x0000000019f96000 JavaThread "pool-22-thread-1" [_thread_blocked, id=2392, stack(0x0000000020b00000,0x0000000020c00000)]
  0x0000000019f9a000 JavaThread "pool-21-thread-1" [_thread_blocked, id=9524, stack(0x0000000020800000,0x0000000020900000)]
  0x0000000019f97800 JavaThread "pool-5-thread-4" [_thread_blocked, id=2292, stack(0x0000000020700000,0x0000000020800000)]
  0x0000000019f99000 JavaThread "Cache update executor" [_thread_blocked, id=3592, stack(0x000000001e720000,0x000000001e820000)]
  0x0000000018280800 JavaThread "Stdin handler" [_thread_blocked, id=2592, stack(0x0000000019ac0000,0x0000000019bc0000)]
  0x000000001827f800 JavaThread "Asynchronous log dispatcher for DefaultDaemonConnection: socket connection from /127.0.0.1:59264 to /127.0.0.1:51381" [_thread_blocked, id=8948, stack(0x00000000199c0000,0x0000000019ac0000)]
  0x000000001827f000 JavaThread "Daemon worker Thread 6" [_thread_blocked, id=6592, stack(0x00000000198c0000,0x00000000199c0000)]
  0x000000001827e000 JavaThread "Cancel handler" [_thread_blocked, id=1452, stack(0x00000000195c0000,0x00000000196c0000)]
  0x000000001827c000 JavaThread "Handler for socket connection from /127.0.0.1:59264 to /127.0.0.1:51381" [_thread_in_native, id=8884, stack(0x00000000194c0000,0x00000000195c0000)]
  0x000000001827d800 JavaThread "Daemon Thread 6" [_thread_blocked, id=6460, stack(0x0000000000890000,0x0000000000990000)]
  0x0000000019f92800 JavaThread "pool-5-thread-3" [_thread_blocked, id=4560, stack(0x000000001e820000,0x000000001e920000)]
  0x0000000019f9c000 JavaThread "pool-5-thread-2" [_thread_blocked, id=6412, stack(0x000000001c430000,0x000000001c530000)]
  0x0000000018282000 JavaThread "pool-5-thread-1" [_thread_blocked, id=3232, stack(0x0000000019bc0000,0x0000000019cc0000)]
  0x0000000018282800 JavaThread "File lock request listener" [_thread_in_native, id=10224, stack(0x000000001b150000,0x000000001b250000)]
  0x0000000017147800 JavaThread "Incoming local TCP Connector on port 59264" [_thread_in_native, id=10464, stack(0x00000000192e0000,0x00000000193e0000)]
  0x0000000017c4d800 JavaThread "pool-1-thread-1" [_thread_blocked, id=11116, stack(0x0000000018fe0000,0x00000000190e0000)]
  0x0000000015d14800 JavaThread "Service Thread" daemon [_thread_blocked, id=1732, stack(0x0000000016ed0000,0x0000000016fd0000)]
  0x0000000015d05000 JavaThread "C1 CompilerThread1" daemon [_thread_blocked, id=4520, stack(0x0000000016dd0000,0x0000000016ed0000)]
  0x0000000015caa000 JavaThread "C2 CompilerThread0" daemon [_thread_blocked, id=8240, stack(0x0000000016cd0000,0x0000000016dd0000)]
  0x0000000015ca8800 JavaThread "Attach Listener" daemon [_thread_blocked, id=2632, stack(0x0000000016bd0000,0x0000000016cd0000)]
  0x000000000257e800 JavaThread "Signal Dispatcher" daemon [_thread_blocked, id=10884, stack(0x0000000016ad0000,0x0000000016bd0000)]
  0x0000000015c98800 JavaThread "Finalizer" daemon [_thread_blocked, id=9580, stack(0x00000000168f0000,0x00000000169f0000)]
  0x000000000256c800 JavaThread "Reference Handler" daemon [_thread_blocked, id=11024, stack(0x00000000167f0000,0x00000000168f0000)]
  0x0000000002481000 JavaThread "main" [_thread_blocked, id=6500, stack(0x00000000021e0000,0x00000000022e0000)]

Other Threads:
  0x0000000015c76000 VMThread [stack: 0x00000000166f0000,0x00000000167f0000] [id=7408]
  0x0000000015d0f000 WatcherThread [stack: 0x0000000016fd0000,0x00000000170d0000] [id=11172]

=>0x0000000002498000 (exited) GCTaskThread [stack: 0x0000000011f50000,0x0000000012050000] [id=7428]

VM state:at safepoint (normal execution)

VM Mutex/Monitor currently owned by a thread:  ([mutex/lock_event])
[0x000000000237c430] Threads_lock - owner thread: 0x0000000015c76000
[0x000000000237bcb0] Heap_lock - owner thread: 0x0000000019f93000

Heap:
 PSYoungGen      total 346112K, used 109418K [0x00000000e0000000, 0x0000000100000000, 0x0000000100000000)
  eden space 236544K, 0% used [0x00000000e0000000,0x00000000e0000000,0x00000000ee700000)
  from space 109568K, 99% used [0x00000000ee700000,0x00000000f51da998,0x00000000f5200000)
  to   space 154624K, 0% used [0x00000000f6900000,0x00000000f6900000,0x0000000100000000)
 ParOldGen       total 623104K, used 570892K [0x00000000a0000000, 0x00000000c6080000, 0x00000000e0000000)
  object space 623104K, 91% used [0x00000000a0000000,0x00000000c2d83238,0x00000000c6080000)
 Metaspace       used 74862K, capacity 78240K, committed 78552K, reserved 1118208K
  class space    used 9538K, capacity 10156K, committed 10240K, reserved 1048576K

Card table byte_map: [0x0000000011940000,0x0000000011c50000] byte_map_base: 0x0000000011440000

Marking Bits: (ParMarkBitMap*) 0x000000005cefa6d0
 Begin Bits: [0x0000000012050000, 0x0000000013850000)
 End Bits:   [0x0000000013850000, 0x0000000015050000)

Polling page: 0x00000000006c0000

CodeCache: size=245760Kb used=62388Kb max_used=62475Kb free=183371Kb
 bounds [0x0000000002580000, 0x00000000062f0000, 0x0000000011580000]
 total_blobs=17380 nmethods=16575 adapters=716
 compilation: enabled

Compilation events (10 events):
Event: 2646.572 Thread 0x0000000015caa000 22655       4       com.android.dx.cf.code.BaseMachine::auxCstArg (20 bytes)
Event: 2646.572 Thread 0x0000000015caa000 nmethod 22655 0x00000000037f1e90 code [0x00000000037f1fc0, 0x00000000037f2058]
Event: 2646.765 Thread 0x0000000015d05000 22656   !   3       java.util.concurrent.ConcurrentHashMap::fullAddCount (487 bytes)
Event: 2646.766 Thread 0x0000000015d05000 nmethod 22656 0x0000000004a20490 code [0x0000000004a20700, 0x0000000004a21d28]
Event: 2647.464 Thread 0x0000000015d05000 22657       3       com.android.dx.rop.cst.CstLiteralBits::fitsIn8Bits (26 bytes)
Event: 2647.465 Thread 0x0000000015d05000 nmethod 22657 0x00000000037a67d0 code [0x00000000037a6940, 0x00000000037a6cb8]
Event: 2647.615 Thread 0x0000000015d05000 22658   !   3       java.util.concurrent.ArrayBlockingQueue::take (46 bytes)
Event: 2647.616 Thread 0x0000000015d05000 nmethod 22658 0x00000000037f2390 code [0x00000000037f25a0, 0x00000000037f3078]
Event: 2647.638 Thread 0x0000000015d05000 22659       3       java.util.concurrent.locks.ReentrantLock$FairSync::tryAcquire (74 bytes)
Event: 2647.639 Thread 0x0000000015d05000 nmethod 22659 0x0000000002a09810 code [0x0000000002a099c0, 0x0000000002a0a1f8]

GC Heap History (10 events):
Event: 2646.696 GC heap after
Heap after GC invocations=217 (full 25):
 PSYoungGen      total 357376K, used 32502K [0x00000000e0000000, 0x00000000ff480000, 0x0000000100000000)
  eden space 210432K, 0% used [0x00000000e0000000,0x00000000e0000000,0x00000000ecd80000)
  from space 146944K, 22% used [0x00000000ecd80000,0x00000000eed3d810,0x00000000f5d00000)
  to   space 140800K, 0% used [0x00000000f6b00000,0x00000000f6b00000,0x00000000ff480000)
 ParOldGen       total 623104K, used 507461K [0x00000000a0000000, 0x00000000c6080000, 0x00000000e0000000)
  object space 623104K, 81% used [0x00000000a0000000,0x00000000bef917b8,0x00000000c6080000)
 Metaspace       used 74861K, capacity 78240K, committed 78552K, reserved 1118208K
  class space    used 9538K, capacity 10156K, committed 10240K, reserved 1048576K
}
Event: 2646.955 GC heap before
{Heap before GC invocations=218 (full 25):
 PSYoungGen      total 357376K, used 242934K [0x00000000e0000000, 0x00000000ff480000, 0x0000000100000000)
  eden space 210432K, 100% used [0x00000000e0000000,0x00000000ecd80000,0x00000000ecd80000)
  from space 146944K, 22% used [0x00000000ecd80000,0x00000000eed3d810,0x00000000f5d00000)
  to   space 140800K, 0% used [0x00000000f6b00000,0x00000000f6b00000,0x00000000ff480000)
 ParOldGen       total 623104K, used 507461K [0x00000000a0000000, 0x00000000c6080000, 0x00000000e0000000)
  object space 623104K, 81% used [0x00000000a0000000,0x00000000bef917b8,0x00000000c6080000)
 Metaspace       used 74862K, capacity 78240K, committed 78552K, reserved 1118208K
  class space    used 9538K, capacity 10156K, committed 10240K, reserved 1048576K
Event: 2647.046 GC heap after
Heap after GC invocations=218 (full 25):
 PSYoungGen      total 359424K, used 33737K [0x00000000e0000000, 0x00000000fe880000, 0x0000000100000000)
  eden space 230912K, 0% used [0x00000000e0000000,0x00000000e0000000,0x00000000ee180000)
  from space 128512K, 26% used [0x00000000f6b00000,0x00000000f8bf25f0,0x00000000fe880000)
  to   space 134656K, 0% used [0x00000000ee180000,0x00000000ee180000,0x00000000f6500000)
 ParOldGen       total 623104K, used 538542K [0x00000000a0000000, 0x00000000c6080000, 0x00000000e0000000)
  object space 623104K, 86% used [0x00000000a0000000,0x00000000c0deb918,0x00000000c6080000)
 Metaspace       used 74862K, capacity 78240K, committed 78552K, reserved 1118208K
  class space    used 9538K, capacity 10156K, committed 10240K, reserved 1048576K
}
Event: 2647.332 GC heap before
{Heap before GC invocations=219 (full 25):
 PSYoungGen      total 359424K, used 264649K [0x00000000e0000000, 0x00000000fe880000, 0x0000000100000000)
  eden space 230912K, 100% used [0x00000000e0000000,0x00000000ee180000,0x00000000ee180000)
  from space 128512K, 26% used [0x00000000f6b00000,0x00000000f8bf25f0,0x00000000fe880000)
  to   space 134656K, 0% used [0x00000000ee180000,0x00000000ee180000,0x00000000f6500000)
 ParOldGen       total 623104K, used 538542K [0x00000000a0000000, 0x00000000c6080000, 0x00000000e0000000)
  object space 623104K, 86% used [0x00000000a0000000,0x00000000c0deb918,0x00000000c6080000)
 Metaspace       used 74862K, capacity 78240K, committed 78552K, reserved 1118208K
  class space    used 9538K, capacity 10156K, committed 10240K, reserved 1048576K
Event: 2647.425 GC heap after
Heap after GC invocations=219 (full 25):
 PSYoungGen      total 365568K, used 67595K [0x00000000e0000000, 0x00000000ffa80000, 0x0000000100000000)
  eden space 230912K, 0% used [0x00000000e0000000,0x00000000e0000000,0x00000000ee180000)
  from space 134656K, 50% used [0x00000000ee180000,0x00000000f2382db8,0x00000000f6500000)
  to   space 133120K, 0% used [0x00000000f7880000,0x00000000f7880000,0x00000000ffa80000)
 ParOldGen       total 623104K, used 538542K [0x00000000a0000000, 0x00000000c6080000, 0x00000000e0000000)
  object space 623104K, 86% used [0x00000000a0000000,0x00000000c0deb918,0x00000000c6080000)
 Metaspace       used 74862K, capacity 78240K, committed 78552K, reserved 1118208K
  class space    used 9538K, capacity 10156K, committed 10240K, reserved 1048576K
}
Event: 2647.694 GC heap before
{Heap before GC invocations=220 (full 25):
 PSYoungGen      total 365568K, used 298507K [0x00000000e0000000, 0x00000000ffa80000, 0x0000000100000000)
  eden space 230912K, 100% used [0x00000000e0000000,0x00000000ee180000,0x00000000ee180000)
  from space 134656K, 50% used [0x00000000ee180000,0x00000000f2382db8,0x00000000f6500000)
  to   space 133120K, 0% used [0x00000000f7880000,0x00000000f7880000,0x00000000ffa80000)
 ParOldGen       total 623104K, used 538542K [0x00000000a0000000, 0x00000000c6080000, 0x00000000e0000000)
  object space 623104K, 86% used [0x00000000a0000000,0x00000000c0deb918,0x00000000c6080000)
 Metaspace       used 74862K, capacity 78240K, committed 78552K, reserved 1118208K
  class space    used 9538K, capacity 10156K, committed 10240K, reserved 1048576K
Event: 2647.861 GC heap after
Heap after GC invocations=220 (full 25):
 PSYoungGen      total 369664K, used 101856K [0x00000000e0000000, 0x0000000100000000, 0x0000000100000000)
  eden space 236544K, 0% used [0x00000000e0000000,0x00000000e0000000,0x00000000ee700000)
  from space 133120K, 76% used [0x00000000f7880000,0x00000000fdbf8220,0x00000000ffa80000)
  to   space 143872K, 0% used [0x00000000ee700000,0x00000000ee700000,0x00000000f7380000)
 ParOldGen       total 623104K, used 538542K [0x00000000a0000000, 0x00000000c6080000, 0x00000000e0000000)
  object space 623104K, 86% used [0x00000000a0000000,0x00000000c0deb918,0x00000000c6080000)
 Metaspace       used 74862K, capacity 78240K, committed 78552K, reserved 1118208K
  class space    used 9538K, capacity 10156K, committed 10240K, reserved 1048576K
}
Event: 2648.147 GC heap before
{Heap before GC invocations=221 (full 25):
 PSYoungGen      total 369664K, used 338400K [0x00000000e0000000, 0x0000000100000000, 0x0000000100000000)
  eden space 236544K, 100% used [0x00000000e0000000,0x00000000ee700000,0x00000000ee700000)
  from space 133120K, 76% used [0x00000000f7880000,0x00000000fdbf8220,0x00000000ffa80000)
  to   space 143872K, 0% used [0x00000000ee700000,0x00000000ee700000,0x00000000f7380000)
 ParOldGen       total 623104K, used 538542K [0x00000000a0000000, 0x00000000c6080000, 0x00000000e0000000)
  object space 623104K, 86% used [0x00000000a0000000,0x00000000c0deb918,0x00000000c6080000)
 Metaspace       used 74862K, capacity 78240K, committed 78552K, reserved 1118208K
  class space    used 9538K, capacity 10156K, committed 10240K, reserved 1048576K
Event: 2648.347 GC heap after
Heap after GC invocations=221 (full 25):
 PSYoungGen      total 346112K, used 109418K [0x00000000e0000000, 0x0000000100000000, 0x0000000100000000)
  eden space 236544K, 0% used [0x00000000e0000000,0x00000000e0000000,0x00000000ee700000)
  from space 109568K, 99% used [0x00000000ee700000,0x00000000f51da998,0x00000000f5200000)
  to   space 154624K, 0% used [0x00000000f6900000,0x00000000f6900000,0x0000000100000000)
 ParOldGen       total 623104K, used 570892K [0x00000000a0000000, 0x00000000c6080000, 0x00000000e0000000)
  object space 623104K, 91% used [0x00000000a0000000,0x00000000c2d83238,0x00000000c6080000)
 Metaspace       used 74862K, capacity 78240K, committed 78552K, reserved 1118208K
  class space    used 9538K, capacity 10156K, committed 10240K, reserved 1048576K
}
Event: 2648.347 GC heap before
{Heap before GC invocations=222 (full 26):
 PSYoungGen      total 346112K, used 109418K [0x00000000e0000000, 0x0000000100000000, 0x0000000100000000)
  eden space 236544K, 0% used [0x00000000e0000000,0x00000000e0000000,0x00000000ee700000)
  from space 109568K, 99% used [0x00000000ee700000,0x00000000f51da998,0x00000000f5200000)
  to   space 154624K, 0% used [0x00000000f6900000,0x00000000f6900000,0x0000000100000000)
 ParOldGen       total 623104K, used 570892K [0x00000000a0000000, 0x00000000c6080000, 0x00000000e0000000)
  object space 623104K, 91% used [0x00000000a0000000,0x00000000c2d83238,0x00000000c6080000)
 Metaspace       used 74862K, capacity 78240K, committed 78552K, reserved 1118208K
  class space    used 9538K, capacity 10156K, committed 10240K, reserved 1048576K

Deoptimization events (10 events):
Event: 2629.459 Thread 0x000000001827f000 Uncommon trap: reason=class_check action=maybe_recompile pc=0x00000000061c5834 method=sun.reflect.DelegatingConstructorAccessorImpl.newInstance([Ljava/lang/Object;)Ljava/lang/Object; @ 5
Event: 2629.459 Thread 0x000000001827f000 Uncommon trap: reason=class_check action=maybe_recompile pc=0x00000000061c5834 method=sun.reflect.DelegatingConstructorAccessorImpl.newInstance([Ljava/lang/Object;)Ljava/lang/Object; @ 5
Event: 2629.460 Thread 0x000000001827f000 Uncommon trap: reason=class_check action=maybe_recompile pc=0x00000000061c5834 method=sun.reflect.DelegatingConstructorAccessorImpl.newInstance([Ljava/lang/Object;)Ljava/lang/Object; @ 5
Event: 2629.491 Thread 0x000000001827f000 Uncommon trap: reason=class_check action=maybe_recompile pc=0x00000000061c5a44 method=sun.reflect.DelegatingConstructorAccessorImpl.newInstance([Ljava/lang/Object;)Ljava/lang/Object; @ 5
Event: 2631.502 Thread 0x000000001827f000 Uncommon trap: reason=unstable_if action=reinterpret pc=0x0000000005b9c91c method=com.sun.tools.javac.code.Types.isSubSignature(Lcom/sun/tools/javac/code/Type;Lcom/sun/tools/javac/code/Type;Z)Z @ 21
Event: 2631.526 Thread 0x000000001827f000 Uncommon trap: reason=class_check action=maybe_recompile pc=0x0000000005e86610 method=com.sun.tools.javac.comp.Lower.needsProtectedAccess(Lcom/sun/tools/javac/code/Symbol;Lcom/sun/tools/javac/tree/JCTree;)Z @ 31
Event: 2632.063 Thread 0x000000001827f000 Uncommon trap: reason=bimorphic action=maybe_recompile pc=0x0000000004c8ec90 method=com.sun.tools.javac.code.Types$SameTypeVisitor.visitType(Lcom/sun/tools/javac/code/Type;Lcom/sun/tools/javac/code/Type;)Ljava/lang/Boolean; @ 31
Event: 2638.928 Thread 0x000000001827f000 Uncommon trap: reason=class_check action=maybe_recompile pc=0x00000000049cc0a4 method=proguard.classfile.constant.StringConstant.referencedClassAccept(Lproguard/classfile/visitor/ClassVisitor;)V @ 19
Event: 2647.536 Thread 0x0000000019f97000 Uncommon trap: reason=unstable_if action=reinterpret pc=0x0000000005f71630 method=java.util.concurrent.locks.LockSupport.unpark(Ljava/lang/Thread;)V @ 1
Event: 2647.631 Thread 0x0000000019f9a000 Uncommon trap: reason=unstable_if action=reinterpret pc=0x00000000057e39b0 method=java.util.concurrent.locks.ReentrantLock$FairSync.tryAcquire(I)Z @ 26

Internal exceptions (10 events):
Event: 2629.213 Thread 0x000000001827f000 Exception <a 'sun/nio/fs/WindowsException'> (0x00000000e3d9c4a8) thrown at [C:\re\workspace\8-2-build-windows-amd64-cygwin\jdk8u112\7884\hotspot\src\share\vm\prims\jni.cpp, line 709]
Event: 2629.213 Thread 0x000000001827f000 Exception <a 'sun/nio/fs/WindowsException'> (0x00000000e3d9d100) thrown at [C:\re\workspace\8-2-build-windows-amd64-cygwin\jdk8u112\7884\hotspot\src\share\vm\prims\jni.cpp, line 709]
Event: 2629.213 Thread 0x000000001827f000 Exception <a 'sun/nio/fs/WindowsException'> (0x00000000e3da10e8) thrown at [C:\re\workspace\8-2-build-windows-amd64-cygwin\jdk8u112\7884\hotspot\src\share\vm\prims\jni.cpp, line 709]
Event: 2629.213 Thread 0x000000001827f000 Exception <a 'sun/nio/fs/WindowsException'> (0x00000000e3da1cf8) thrown at [C:\re\workspace\8-2-build-windows-amd64-cygwin\jdk8u112\7884\hotspot\src\share\vm\prims\jni.cpp, line 709]
Event: 2629.213 Thread 0x000000001827f000 Exception <a 'sun/nio/fs/WindowsException'> (0x00000000e3da3938) thrown at [C:\re\workspace\8-2-build-windows-amd64-cygwin\jdk8u112\7884\hotspot\src\share\vm\prims\jni.cpp, line 709]
Event: 2629.213 Thread 0x000000001827f000 Exception <a 'sun/nio/fs/WindowsException'> (0x00000000e3da4588) thrown at [C:\re\workspace\8-2-build-windows-amd64-cygwin\jdk8u112\7884\hotspot\src\share\vm\prims\jni.cpp, line 709]
Event: 2629.213 Thread 0x000000001827f000 Exception <a 'sun/nio/fs/WindowsException'> (0x00000000e3da8310) thrown at [C:\re\workspace\8-2-build-windows-amd64-cygwin\jdk8u112\7884\hotspot\src\share\vm\prims\jni.cpp, line 709]
Event: 2629.213 Thread 0x000000001827f000 Exception <a 'sun/nio/fs/WindowsException'> (0x00000000e3da8de0) thrown at [C:\re\workspace\8-2-build-windows-amd64-cygwin\jdk8u112\7884\hotspot\src\share\vm\prims\jni.cpp, line 709]
Event: 2629.213 Thread 0x000000001827f000 Exception <a 'sun/nio/fs/WindowsException'> (0x00000000e3daa8e0) thrown at [C:\re\workspace\8-2-build-windows-amd64-cygwin\jdk8u112\7884\hotspot\src\share\vm\prims\jni.cpp, line 709]
Event: 2629.213 Thread 0x000000001827f000 Exception <a 'sun/nio/fs/WindowsException'> (0x00000000e3dab3f0) thrown at [C:\re\workspace\8-2-build-windows-amd64-cygwin\jdk8u112\7884\hotspot\src\share\vm\prims\jni.cpp, line 709]

Events (10 events):
Event: 2647.425 Executing VM operation: ParallelGCFailedAllocation done
Event: 2647.536 Thread 0x0000000019f97000 Uncommon trap: trap_request=0xffffff65 fr.pc=0x0000000005f71630
Event: 2647.536 Thread 0x0000000019f97000 DEOPT PACKING pc=0x0000000005f71630 sp=0x000000002315ef40
Event: 2647.536 Thread 0x0000000019f97000 DEOPT UNPACKING pc=0x00000000025c582a sp=0x000000002315ed78 mode 2
Event: 2647.631 Thread 0x0000000019f9a000 Uncommon trap: trap_request=0xffffff65 fr.pc=0x00000000057e39b0
Event: 2647.631 Thread 0x0000000019f9a000 DEOPT PACKING pc=0x00000000057e39b0 sp=0x00000000208fed10
Event: 2647.631 Thread 0x0000000019f9a000 DEOPT UNPACKING pc=0x00000000025c582a sp=0x00000000208feca0 mode 2
Event: 2647.694 Executing VM operation: ParallelGCFailedAllocation
Event: 2647.861 Executing VM operation: ParallelGCFailedAllocation done
Event: 2648.146 Executing VM operation: ParallelGCFailedAllocation


Dynamic libraries:
0x00007ff6502f0000 - 0x00007ff650327000 	C:\Program Files\Java\jdk1.8.0_112\bin\java.exe
0x00007fff0bb60000 - 0x00007fff0bd22000 	C:\Windows\SYSTEM32\ntdll.dll
0x00007fff09330000 - 0x00007fff093dd000 	C:\Windows\system32\KERNEL32.DLL
0x00007fff08fe0000 - 0x00007fff091bd000 	C:\Windows\system32\KERNELBASE.dll
0x00007fff0ba70000 - 0x00007fff0bb16000 	C:\Windows\system32\ADVAPI32.dll
0x00007fff09ef0000 - 0x00007fff09f8d000 	C:\Windows\system32\msvcrt.dll
0x00007fff093e0000 - 0x00007fff0943b000 	C:\Windows\system32\sechost.dll
0x00007fff0a000000 - 0x00007fff0a126000 	C:\Windows\system32\RPCRT4.dll
0x00007fff09d90000 - 0x00007fff09ede000 	C:\Windows\system32\USER32.dll
0x00007fff0a3b0000 - 0x00007fff0a534000 	C:\Windows\system32\GDI32.dll
0x00007fff058f0000 - 0x00007fff05b64000 	C:\Windows\WinSxS\amd64_microsoft.windows.common-controls_6595b64144ccf1df_6.0.10240.17184_none_f41d7a705752bce6\COMCTL32.dll
0x00007fff0bb20000 - 0x00007fff0bb56000 	C:\Windows\system32\IMM32.DLL
0x00007fff09780000 - 0x00007fff098dc000 	C:\Windows\system32\MSCTF.dll
0x000000005cf80000 - 0x000000005d052000 	C:\Program Files\Java\jdk1.8.0_112\jre\bin\msvcr100.dll
0x000000005c6e0000 - 0x000000005cf7a000 	C:\Program Files\Java\jdk1.8.0_112\jre\bin\server\jvm.dll
0x00007fff09220000 - 0x00007fff09228000 	C:\Windows\system32\PSAPI.DLL
0x00007fff02c00000 - 0x00007fff02c09000 	C:\Windows\SYSTEM32\WSOCK32.dll
0x00007fff09f90000 - 0x00007fff09ff9000 	C:\Windows\system32\WS2_32.dll
0x00007fff09ee0000 - 0x00007fff09ee8000 	C:\Windows\system32\NSI.dll
0x00007fff06840000 - 0x00007fff06863000 	C:\Windows\SYSTEM32\WINMM.dll
0x00007ffefe810000 - 0x00007ffefe81a000 	C:\Windows\SYSTEM32\VERSION.dll
0x00007fff06810000 - 0x00007fff0683c000 	C:\Windows\SYSTEM32\WINMMBASE.dll
0x00007fff08620000 - 0x00007fff08664000 	C:\Windows\system32\cfgmgr32.dll
0x00007fff06f00000 - 0x00007fff06f27000 	C:\Windows\SYSTEM32\DEVOBJ.dll
0x000000005e1c0000 - 0x000000005e1cf000 	C:\Program Files\Java\jdk1.8.0_112\jre\bin\verify.dll
0x000000005e190000 - 0x000000005e1b9000 	C:\Program Files\Java\jdk1.8.0_112\jre\bin\java.dll
0x000000005e170000 - 0x000000005e186000 	C:\Program Files\Java\jdk1.8.0_112\jre\bin\zip.dll
0x00007fff0a540000 - 0x00007fff0ba63000 	C:\Windows\system32\SHELL32.dll
0x00007fff08900000 - 0x00007fff08f29000 	C:\Windows\system32\windows.storage.dll
0x00007fff0a130000 - 0x00007fff0a3ac000 	C:\Windows\system32\combase.dll
0x00007fff09440000 - 0x00007fff09491000 	C:\Windows\system32\shlwapi.dll
0x00007fff08580000 - 0x00007fff0858f000 	C:\Windows\system32\kernel.appcore.dll
0x00007fff08670000 - 0x00007fff08723000 	C:\Windows\system32\shcore.dll
0x00007fff08590000 - 0x00007fff085da000 	C:\Windows\system32\powrprof.dll
0x00007fff085e0000 - 0x00007fff085f3000 	C:\Windows\system32\profapi.dll
0x000000005e150000 - 0x000000005e16a000 	C:\Program Files\Java\jdk1.8.0_112\jre\bin\net.dll
0x00007fff07d90000 - 0x00007fff07ded000 	C:\Windows\system32\mswsock.dll
0x000000005e130000 - 0x000000005e141000 	C:\Program Files\Java\jdk1.8.0_112\jre\bin\nio.dll
0x00007ffefcac0000 - 0x00007ffefcade000 	C:\Users\admin\.gradle\native\23\windows-amd64\native-platform.dll
0x00007fff07df0000 - 0x00007fff07e07000 	C:\Windows\SYSTEM32\CRYPTSP.dll
0x00007fff084b0000 - 0x00007fff084d8000 	C:\Windows\SYSTEM32\bcrypt.dll
0x00007fff07a40000 - 0x00007fff07a73000 	C:\Windows\system32\rsaenh.dll
0x00007fff07c20000 - 0x00007fff07c3f000 	C:\Windows\SYSTEM32\USERENV.dll
0x00007fff08340000 - 0x00007fff083ab000 	C:\Windows\system32\bcryptprimitives.dll
0x00007fff07f60000 - 0x00007fff07f6b000 	C:\Windows\SYSTEM32\CRYPTBASE.dll
0x00007fff06480000 - 0x00007fff064b8000 	C:\Windows\SYSTEM32\IPHLPAPI.DLL
0x00007fff06470000 - 0x00007fff0647b000 	C:\Windows\SYSTEM32\WINNSI.DLL
0x00007fff02750000 - 0x00007fff02766000 	C:\Windows\SYSTEM32\dhcpcsvc6.DLL
0x00007fff02730000 - 0x00007fff0274a000 	C:\Windows\SYSTEM32\dhcpcsvc.DLL
0x000000005e120000 - 0x000000005e12d000 	C:\Program Files\Java\jdk1.8.0_112\jre\bin\management.dll
0x000000005c6b0000 - 0x000000005c6d4000 	C:\Program Files\Java\jdk1.8.0_112\jre\bin\sunec.dll
0x000000005e110000 - 0x000000005e11b000 	C:\Program Files\Java\jdk1.8.0_112\jre\bin\sunmscapi.dll
0x00007fff08730000 - 0x00007fff088f1000 	C:\Windows\system32\CRYPT32.dll
0x00007fff08600000 - 0x00007fff08611000 	C:\Windows\system32\MSASN1.dll
0x00007ffedefa0000 - 0x00007ffedf12a000 	C:\Windows\SYSTEM32\dbghelp.dll

VM Arguments:
jvm_args: -Xmx1536m -Dfile.encoding=windows-1252 -Duser.country=US -Duser.language=en -Duser.variant 
java_command: org.gradle.launcher.daemon.bootstrap.GradleDaemon 3.3
java_class_path (initial): C:\Users\admin\.gradle\wrapper\dists\gradle-3.3-all\55gk2rcmfc6p2dg9u9ohc3hw9\gradle-3.3\lib\gradle-launcher-3.3.jar
Launcher Type: SUN_STANDARD

Environment Variables:
JAVA_HOME=C:\Program Files\Java\jdk1.8.0_112
PATH=C:\ProgramData\Oracle\Java\javapath;C:\Windows\system32;C:\Windows;C:\Windows\System32\Wbem;C:\Windows\System32\WindowsPowerShell\v1.0\;C:\Program Files\Microsoft SQL Server\130\Tools\Binn\;C:\Program Files\dotnet\;C:\Program Files (x86)\Skype\Phone\;C:\Program Files\Git\cmd;C:\Program Files\Microsoft SQL Server\110\Tools\Binn\;C:\Program Files (x86)\Microsoft SQL Server\110\Tools\Binn\ManagementStudio\;C:\Program Files (x86)\Microsoft SQL Server\110\Tools\Binn\;C:\Program Files (x86)\Microsoft SQL Server\110\DTS\Binn\;C:\Program Files\Microsoft SQL Server\110\DTS\Binn\;C:\Program Files (x86)\Microsoft Visual Studio 10.0\Common7\IDE\PrivateAssemblies\
USERNAME=admin
OS=Windows_NT
PROCESSOR_IDENTIFIER=Intel64 Family 6 Model 58 Stepping 9, GenuineIntel



---------------  S Y S T E M  ---------------

OS: Windows 10.0 , 64 bit Build 10240 (10.0.10240.17113)

CPU:total 2 (2 cores per cpu, 1 threads per core) family 6 model 58 stepping 9, cmov, cx8, fxsr, mmx, sse, sse2, sse3, ssse3, sse4.1, sse4.2, popcnt, clmul, erms, tsc, tscinvbit, tscinv

Memory: 4k page, physical 8279388k(2002972k free), swap 13177484k(4870644k free)

vm_info: Java HotSpot(TM) 64-Bit Server VM (25.112-b15) for windows-amd64 JRE (1.8.0_112-b15), built on Sep 22 2016 21:31:56 by "java_re" with MS VC++ 10.0 (VS2010)

time: Fri Apr 07 17:43:16 2017
elapsed time: 2648 seconds (0d 0h 44m 8s)

